<?xml version="1.0" encoding="UTF-8"?>
<testng-results skipped="0" failed="0" ignored="0" total="1" passed="1">
  <reporter-output>
  </reporter-output>
  <suite name="InetBankingV1" duration-ms="81065" started-at="2020-11-24T11:20:59 IST" finished-at="2020-11-24T11:22:20 IST">
    <groups>
    </groups>
    <test name="Test" duration-ms="81065" started-at="2020-11-24T11:20:59 IST" finished-at="2020-11-24T11:22:20 IST">
      <class name="com.inetbanking.testCases.TC_AddCustomeeTest_003">
        <test-method status="PASS" signature="setUp(java.lang.String)[pri:0, instance:com.inetbanking.testCases.TC_AddCustomeeTest_003@59e5ddf]" name="setUp" is-config="true" duration-ms="37033" started-at="2020-11-24T11:20:59 IST" finished-at="2020-11-24T11:21:36 IST">
          <params>
            <param index="0">
              <value>
                <![CDATA[chrome]]>
              </value>
            </param>
          </params>
          <reporter-output>
          </reporter-output>
        </test-method> <!-- setUp -->
        <test-method status="PASS" signature="addNewCustomer()[pri:0, instance:com.inetbanking.testCases.TC_AddCustomeeTest_003@59e5ddf]" name="addNewCustomer" duration-ms="42066" started-at="2020-11-24T11:21:36 IST" finished-at="2020-11-24T11:22:18 IST">
          <reporter-output>
          </reporter-output>
        </test-method> <!-- addNewCustomer -->
        <test-method status="PASS" signature="tearDown()[pri:0, instance:com.inetbanking.testCases.TC_AddCustomeeTest_003@59e5ddf]" name="tearDown" is-config="true" duration-ms="1337" started-at="2020-11-24T11:22:18 IST" finished-at="2020-11-24T11:22:20 IST">
          <reporter-output>
          </reporter-output>
        </test-method> <!-- tearDown -->
      </class> <!-- com.inetbanking.testCases.TC_AddCustomeeTest_003 -->
    </test> <!-- Test -->
  </suite> <!-- InetBankingV1 -->
</testng-results>
